<?xml version="1.0" encoding="UTF-8"?>
<testsuite xmlns:xsi="http://www.w3.org/2001/XMLSchema-instance" xsi:noNamespaceSchemaLocation="https://maven.apache.org/surefire/maven-surefire-plugin/xsd/surefire-test-report-3.0.xsd" version="3.0" name="com.demo.crudproject.CrudprojectApplicationTests" time="5.572" tests="1" errors="0" skipped="0" failures="0">
  <properties>
[...]
</properties>
  <testcase name="contextLoads" classname="com.demo.crudproject.CrudprojectApplicationTests" time="1.696">
    <system-out><![CDATA[15:29:32.043 [main] INFO org.springframework.test.context.support.AnnotationConfigContextLoaderUtils -- Could not detect default configuration classes for test class [com.demo.crudproject.CrudprojectApplicationTests]: CrudprojectApplicationTests does not declare any static, non-private, non-final, nested classes annotated with @Configuration.
15:29:32.232 [main] INFO org.springframework.boot.test.context.SpringBootTestContextBootstrapper -- Found @SpringBootConfiguration com.demo.CrudprojectApplication for test class com.demo.crudproject.CrudprojectApplicationTests

  .   ____          _            __ _ _
 /\\ / ___'_ __ _ _(_)_ __  __ _ \ \ \ \
( ( )\___ | '_ | '_| | '_ \/ _` | \ \ \ \
 \\/  ___)| |_)| | | | | || (_| |  ) ) ) )
  '  |____| .__|_| |_|_| |_\__, | / / / /
 =========|_|==============|___/=/_/_/_/
 :: Spring Boot ::                (v3.1.8)

2024-02-10T15:29:33.020+05:30  INFO 16596 --- [           main] c.d.c.CrudprojectApplicationTests        : Starting CrudprojectApplicationTests using Java 21.0.1 with PID 16596 (started by ankit in C:\Users\ankit\OneDrive\Desktop\Plants\plant_Server)
2024-02-10T15:29:33.022+05:30  INFO 16596 --- [           main] c.d.c.CrudprojectApplicationTests        : No active profile set, falling back to 1 default profile: "default"
2024-02-10T15:29:35.499+05:30  INFO 16596 --- [           main] c.d.c.CrudprojectApplicationTests        : Started CrudprojectApplicationTests in 2.968 seconds (process running for 4.797)
]]></system-out>
    <system-err><![CDATA[WARNING: A Java agent has been loaded dynamically (C:\Users\ankit\.m2\repository\net\bytebuddy\byte-buddy-agent\1.14.11\byte-buddy-agent-1.14.11.jar)
WARNING: If a serviceability tool is in use, please run with -XX:+EnableDynamicAgentLoading to hide this warning
WARNING: If a serviceability tool is not in use, please run with -Djdk.instrument.traceUsage for more information
WARNING: Dynamic loading of agents will be disallowed by default in a future release
]]></system-err>
  </testcase>
</testsuite>